Error: Internal error in FunCSS: decodejs not implemented for Number
  at Number.GR.Type.Type.decodejs (/home/cie/Dropbox/funcss/src/compiler/syntax/gr_nodes.coffee:125:15)
  at JavaScriptFunction.VL.JavaScriptFunction.JavaScriptFunction.ssjs (/home/cie/Dropbox/funcss/src/compiler/semantics/values/vl_nodes.coffee:106:11)
  at SetDeclarationValue.IG.SetDeclarationValue.SetDeclarationValue.toString (/home/cie/Dropbox/funcss/src/compiler/generator/ig_nodes.coffee:125:72)
  at Array.join (native)
  at Autorun.IG.Autorun.Autorun.toString (/home/cie/Dropbox/funcss/src/compiler/generator/ig_nodes.coffee:111:16)
  at Array.join (native)
  at DomReady.IG.DomReady.DomReady.toString (/home/cie/Dropbox/funcss/src/compiler/generator/ig_nodes.coffee:118:16)
  at Array.join (native)
  at Sequence.IG.Sequence.Sequence.toString (/home/cie/Dropbox/funcss/src/compiler/generator/ig_nodes.coffee:35:12)
  at Array.join (native)
  at FunctionBlock.IG.FunctionBlock.FunctionBlock.toString (/home/cie/Dropbox/funcss/src/compiler/generator/ig_nodes.coffee:42:14)
  at Object.exports.compile (/home/cie/Dropbox/funcss/src/compiler/index.coffee:9:11)
  at Object.<anonymous> (/home/cie/Dropbox/funcss/script/bdd:37:25)
  at Object.<anonymous> (/home/cie/Dropbox/funcss/script/bdd:62:4)
  at Module._compile (module.js:460:26)
  at Object.exports.run (/home/cie/lib/node_modules/coffee-script/lib/coffee-script/coffee-script.js:131:23)
  at compileScript (/home/cie/lib/node_modules/coffee-script/lib/coffee-script/command.js:224:29)
  at compilePath (/home/cie/lib/node_modules/coffee-script/lib/coffee-script/command.js:174:14)
  at Object.exports.run (/home/cie/lib/node_modules/coffee-script/lib/coffee-script/command.js:98:20)
  at Object.<anonymous> (/home/cie/lib/node_modules/coffee-script/bin/coffee:7:41)
  at Module._compile (module.js:460:26)
  at Object.Module._extensions..js (module.js:478:10)
  at Module.load (module.js:355:32)
  at Function.Module._load (module.js:310:12)
  at Function.Module.runMain (module.js:501:10)
  at startup (node.js:129:16)
  at node.js:814:3
